[2025-03-21T08:23:38.985Z] GET / - 200 - 691ms
[2025-03-21T08:23:39.702Z] GET /css/styles.css - 304 - 2ms
[2025-03-21T08:23:39.710Z] GET /javascripts/index_script.js - 304 - 1ms
[2025-03-21T08:23:39.711Z] GET /javascripts/event_script.js - 304 - 2ms
[2025-03-21T08:23:41.064Z] GET /import - 200 - 3ms
[2025-03-21T08:30:48.808Z] GET / - 304 - 1052ms
[2025-03-21T08:30:49.900Z] GET /css/styles.css - 304 - 3ms
[2025-03-21T08:30:49.905Z] GET /javascripts/index_script.js - 304 - 1ms
[2025-03-21T08:30:49.914Z] GET /javascripts/event_script.js - 304 - 2ms
[2025-03-21T08:30:59.367Z] GET /search?search=555665665&search_by=_id&search_by_major= - 200 - 221ms
[2025-03-21T08:30:59.621Z] GET /css/styles.css - 304 - 2ms
[2025-03-21T08:30:59.622Z] GET /javascripts/index_script.js - 304 - 4ms
[2025-03-21T08:30:59.633Z] GET /javascripts/event_script.js - 304 - 1ms
[2025-03-21T08:32:37.946Z] GET /search?search=555665665&search_by=_id&search_by_major= - 304 - 200ms
[2025-03-21T08:32:38.176Z] GET /javascripts/index_script.js - 304 - 3ms
[2025-03-21T08:32:38.175Z] GET /css/styles.css - 200 - 8ms
[2025-03-21T08:32:38.187Z] GET /javascripts/event_script.js - 304 - 1ms
[2025-03-21T08:33:14.441Z] GET /search?search=555665665&search_by=_id&search_by_major= - 304 - 208ms
[2025-03-21T08:33:14.683Z] GET /javascripts/index_script.js - 304 - 0ms
[2025-03-21T08:33:14.682Z] GET /css/styles.css - 200 - 3ms
[2025-03-21T08:33:14.688Z] GET /javascripts/event_script.js - 304 - 2ms
[2025-03-21T08:36:30.745Z] GET /search?search=555665665&search_by=_id&search_by_major= - 304 - 245ms
[2025-03-21T08:36:31.028Z] GET /javascripts/index_script.js - 304 - 3ms
[2025-03-21T08:36:31.027Z] GET /css/styles.css - 200 - 6ms
[2025-03-21T08:36:31.047Z] GET /javascripts/event_script.js - 304 - 0ms
[2025-03-21T08:36:32.688Z] GET /search?search=555665665&search_by=_id&search_by_major= - 304 - 207ms
[2025-03-21T08:36:32.930Z] GET /css/styles.css - 304 - 1ms
[2025-03-21T08:36:32.932Z] GET /javascripts/index_script.js - 304 - 2ms
[2025-03-21T08:36:32.941Z] GET /javascripts/event_script.js - 304 - 0ms
[2025-03-21T08:37:16.683Z] GET /search?search=555665665&search_by=_id&search_by_major= - 200 - 213ms
[2025-03-21T08:37:16.916Z] GET /css/styles.css - 304 - 1ms
[2025-03-21T08:37:16.916Z] GET /javascripts/index_script.js - 304 - 1ms
[2025-03-21T08:37:16.921Z] GET /javascripts/event_script.js - 304 - 0ms
[2025-03-21T08:37:40.488Z] GET /import - 304 - 3ms
[2025-03-21T08:38:21.731Z] GET /search?search=&search_by=_id&search_by_major= - 200 - 665ms
[2025-03-21T08:38:22.447Z] GET /css/styles.css - 304 - 1ms
[2025-03-21T08:38:22.448Z] GET /javascripts/index_script.js - 304 - 2ms
[2025-03-21T08:38:22.468Z] GET /javascripts/event_script.js - 304 - 0ms
[2025-03-21T08:38:24.044Z] GET / - 200 - 164ms
[2025-03-21T08:38:24.246Z] GET /css/styles.css - 304 - 1ms
[2025-03-21T08:38:24.248Z] GET /javascripts/manageDropdowns.js - 304 - 2ms
[2025-03-21T08:38:25.800Z] GET / - 200 - 269ms
[2025-03-21T08:38:26.093Z] GET /css/styles.css - 304 - 1ms
[2025-03-21T08:38:26.099Z] GET /javascripts/index_script.js - 304 - 1ms
[2025-03-21T08:38:26.105Z] GET /javascripts/event_script.js - 304 - 0ms
[2025-03-21T08:38:48.745Z] GET / - 304 - 564ms
[2025-03-21T08:38:49.341Z] GET /css/styles.css - 304 - 1ms
[2025-03-21T08:38:49.341Z] GET /javascripts/index_script.js - 304 - 2ms
[2025-03-21T08:38:49.346Z] GET /javascripts/event_script.js - 304 - 1ms
[2025-03-21T08:41:18.178Z] GET / - 304 - 894ms
[2025-03-21T08:41:19.105Z] GET /css/styles.css - 304 - 3ms
[2025-03-21T08:41:19.113Z] GET /javascripts/event_script.js - 304 - 1ms
[2025-03-21T08:41:19.106Z] GET /javascripts/index_script.js - 200 - 10ms
[2025-03-21T08:41:20.384Z] GET / - 304 - 142ms
[2025-03-21T08:41:20.549Z] GET /css/styles.css - 304 - 2ms
[2025-03-21T08:41:20.550Z] GET /javascripts/manageDropdowns.js - 304 - 3ms
[2025-03-21T08:41:21.968Z] GET / - 304 - 646ms
[2025-03-21T08:41:22.670Z] GET /css/styles.css - 304 - 3ms
[2025-03-21T08:41:22.671Z] GET /javascripts/index_script.js - 304 - 4ms
[2025-03-21T08:41:22.680Z] GET /javascripts/event_script.js - 304 - 1ms
[2025-03-21T08:41:30.215Z] GET /css/styles.css - 304 - 1ms
[2025-03-21T08:42:34.235Z] GET / - 304 - 584ms
[2025-03-21T08:42:34.862Z] GET /css/styles.css - 304 - 2ms
[2025-03-21T08:42:34.876Z] GET /javascripts/event_script.js - 304 - 2ms
[2025-03-21T08:42:34.872Z] GET /javascripts/index_script.js - 200 - 12ms
[2025-03-21T08:44:25.359Z] GET / - 200 - 599ms
[2025-03-21T08:44:25.987Z] GET /css/styles.css - 304 - 3ms
[2025-03-21T08:44:25.994Z] GET /javascripts/index_script.js - 200 - 10ms
[2025-03-21T08:44:26.007Z] GET /javascripts/event_script.js - 304 - 1ms
[2025-03-21T08:45:13.217Z] GET / - 200 - 702ms
[2025-03-21T08:45:13.956Z] GET /css/styles.css - 304 - 1ms
[2025-03-21T08:45:13.966Z] GET /javascripts/index_script.js - 304 - 1ms
[2025-03-21T08:45:13.974Z] GET /javascripts/event_script.js - 304 - 0ms
[2025-03-21T08:45:14.694Z] GET / - 304 - 141ms
[2025-03-21T08:45:14.875Z] GET /css/styles.css - 304 - 9ms
[2025-03-21T08:45:14.888Z] GET /javascripts/manageDropdowns.js - 304 - 3ms
[2025-03-21T08:45:15.573Z] GET / - 304 - 710ms
[2025-03-21T08:45:16.333Z] GET /css/styles.css - 304 - 3ms
[2025-03-21T08:45:16.335Z] GET /javascripts/index_script.js - 304 - 3ms
[2025-03-21T08:45:16.347Z] GET /javascripts/event_script.js - 304 - 1ms
[2025-03-21T08:45:16.917Z] GET / - 304 - 148ms
[2025-03-21T08:45:17.126Z] GET /css/styles.css - 304 - 4ms
[2025-03-21T08:45:17.134Z] GET /javascripts/manageDropdowns.js - 304 - 1ms
[2025-03-21T08:45:17.878Z] GET / - 304 - 260ms
[2025-03-21T08:45:18.184Z] GET /css/styles.css - 304 - 3ms
[2025-03-21T08:45:18.185Z] GET /javascripts/index_script.js - 304 - 4ms
[2025-03-21T08:45:18.211Z] GET /javascripts/event_script.js - 304 - 1ms
[2025-03-21T08:45:18.741Z] GET / - 304 - 154ms
[2025-03-21T08:45:18.963Z] GET /css/styles.css - 304 - 2ms
[2025-03-21T08:45:18.964Z] GET /javascripts/manageDropdowns.js - 304 - 2ms
[2025-03-21T08:45:19.630Z] GET / - 304 - 360ms
[2025-03-21T08:45:20.061Z] GET /css/styles.css - 304 - 1ms
[2025-03-21T08:45:20.062Z] GET /javascripts/index_script.js - 304 - 2ms
[2025-03-21T08:45:20.075Z] GET /javascripts/event_script.js - 304 - 2ms
[2025-03-21T08:47:08.974Z] GET / - 200 - 258ms
[2025-03-21T08:47:09.265Z] GET /javascripts/index_script.js - 304 - 1ms
[2025-03-21T08:47:09.264Z] GET /css/styles.css - 200 - 5ms
[2025-03-21T08:47:09.274Z] GET /javascripts/event_script.js - 304 - 1ms
[2025-03-21T08:47:18.555Z] GET /import - 304 - 3ms
[2025-03-21T10:26:02.343Z] GET /import - 304 - 18ms
[2025-03-21T10:26:34.346Z] POST /import - 400 - 14ms
[2025-03-21T10:28:03.406Z] POST /import - 400 - 32ms
[2025-03-21T10:28:59.009Z] GET /import - 304 - 23ms
[2025-03-21T10:29:04.996Z] POST /import - 400 - 48ms
[2025-03-21T10:30:24.518Z] GET /import - 304 - 21ms
[2025-03-21T10:30:29.339Z] POST /import - 400 - 491ms
[2025-03-21T10:43:56.791Z] GET /import - 304 - 26ms
[2025-03-21T10:44:05.418Z] POST /import - 400 - 10ms
[2025-03-21T10:46:32.758Z] GET /import - 304 - 21ms
[2025-03-21T10:46:47.890Z] POST /import - 400 - 12ms
[2025-03-21T10:47:07.461Z] POST /import - 400 - 14ms
[2025-03-21T10:47:11.074Z] POST /import - 400 - 5ms
[2025-03-21T11:01:52.432Z] POST /import - 400 - 17ms
[2025-03-21T11:01:59.281Z] POST /import - 400 - 4ms
[2025-03-21T11:40:16.145Z] GET /import - 200 - 28ms
[2025-03-21T11:40:20.491Z] POST /import - 400 - 9ms
[2025-03-21T11:42:46.685Z] GET /import - 200 - 7ms
[2025-03-21T11:42:50.893Z] POST /import - 400 - 1ms
[2025-03-21T11:46:22.191Z] GET /import - 200 - 21ms
[2025-03-21T11:46:27.102Z] POST /import - 400 - 12ms
[2025-03-21T11:47:34.816Z] GET /import - 304 - 25ms
[2025-03-21T11:47:40.326Z] POST /import - 400 - 21ms
[2025-03-21T11:48:24.663Z] GET /import - 304 - 16ms
[2025-03-21T11:48:30.108Z] POST /import - 400 - 17ms
[2025-03-21T11:53:54.338Z] POST /import - 500 - 26ms
[2025-03-21T11:57:57.584Z] GET /import - 304 - 23ms
[2025-03-21T11:58:01.745Z] POST /import - 400 - 110ms
[2025-03-21T11:59:13.298Z] POST /import - 400 - 88ms
[2025-03-21T12:01:51.781Z] GET /import - 304 - 20ms
[2025-03-21T12:01:56.795Z] POST /import - 200 - 441ms
[2025-03-21T12:02:11.876Z] GET / - 200 - 575ms
[2025-03-21T12:02:12.497Z] GET /css/styles.css - 304 - 6ms
[2025-03-21T12:02:12.499Z] GET /javascripts/index_script.js - 304 - 7ms
[2025-03-21T12:02:12.518Z] GET /javascripts/event_script.js - 304 - 2ms
[2025-03-21T12:03:30.807Z] GET / - 304 - 693ms
[2025-03-21T12:03:31.524Z] GET /css/styles.css - 304 - 2ms
[2025-03-21T12:03:31.531Z] GET /javascripts/event_script.js - 304 - 1ms
[2025-03-21T12:03:31.525Z] GET /javascripts/index_script.js - 200 - 11ms
[2025-03-21T12:03:32.304Z] GET /import - 200 - 3ms
[2025-03-21T12:04:45.996Z] GET / - 304 - 777ms
[2025-03-21T12:04:46.793Z] GET /css/styles.css - 304 - 1ms
[2025-03-21T12:04:46.793Z] GET /javascripts/index_script.js - 304 - 1ms
[2025-03-21T12:04:46.803Z] GET /javascripts/event_script.js - 304 - 1ms
[2025-03-21T12:05:02.666Z] GET /import - 304 - 3ms
[2025-03-21T12:13:40.281Z] GET / - 200 - 934ms
[2025-03-21T12:13:41.241Z] GET /css/styles.css - 304 - 3ms
[2025-03-21T12:13:41.242Z] GET /javascripts/index_script.js - 304 - 3ms
[2025-03-21T12:13:41.252Z] GET /javascripts/event_script.js - 304 - 1ms
[2025-03-21T12:13:42.312Z] GET /export - 404 - 5ms
[2025-03-21T12:14:19.238Z] GET / - 200 - 649ms
[2025-03-21T12:14:19.914Z] GET /css/styles.css - 304 - 3ms
[2025-03-21T12:14:19.915Z] GET /javascripts/index_script.js - 304 - 3ms
[2025-03-21T12:14:19.926Z] GET /javascripts/event_script.js - 304 - 1ms
[2025-03-21T12:16:34.876Z] GET /export-download - 500 - 442ms
[2025-03-21T12:16:39.014Z] GET /export-download - 500 - 491ms
[2025-03-21T12:19:00.973Z] GET /export-download - 500 - 457ms
[2025-03-21T12:19:37.407Z] GET /export-download - 500 - 492ms
[2025-03-21T12:19:40.153Z] GET /export-download - 500 - 657ms
[2025-03-21T12:20:54.994Z] GET /export-download - 500 - 477ms
[2025-03-21T12:23:23.550Z] GET /export-download - 200 - 495ms
[2025-03-21T12:24:09.248Z] GET / - 200 - 691ms
[2025-03-21T12:24:09.970Z] GET /css/styles.css - 304 - 4ms
[2025-03-21T12:24:09.971Z] GET /javascripts/index_script.js - 200 - 10ms
[2025-03-21T12:24:09.988Z] GET /javascripts/event_script.js - 304 - 2ms
[2025-03-21T12:24:18.724Z] GET / - 304 - 626ms
[2025-03-21T12:24:19.384Z] GET /css/styles.css - 304 - 1ms
[2025-03-21T12:24:19.389Z] GET /javascripts/index_script.js - 304 - 1ms
[2025-03-21T12:24:19.392Z] GET /javascripts/event_script.js - 304 - 2ms
[2025-03-21T12:24:21.469Z] GET /import - 304 - 3ms
[2025-03-21T12:24:22.879Z] GET / - 304 - 594ms
[2025-03-21T12:24:23.504Z] GET /css/styles.css - 304 - 1ms
[2025-03-21T12:24:23.509Z] GET /javascripts/index_script.js - 304 - 1ms
[2025-03-21T12:24:23.526Z] GET /javascripts/event_script.js - 304 - 1ms
[2025-03-21T12:25:27.645Z] GET / - 200 - 583ms
[2025-03-21T12:25:28.254Z] GET /css/styles.css - 304 - 2ms
[2025-03-21T12:25:28.254Z] GET /javascripts/index_script.js - 200 - 9ms
[2025-03-21T12:25:28.261Z] GET /javascripts/event_script.js - 304 - 4ms
[2025-03-21T12:25:29.826Z] GET /export-download - 200 - 433ms
[2025-03-21T13:13:57.428Z] GET / - 200 - 619ms
[2025-03-21T13:13:58.066Z] GET /css/styles.css - 200 - 3ms
[2025-03-21T13:13:58.070Z] GET /javascripts/index_script.js - 200 - 2ms
[2025-03-21T13:13:58.071Z] GET /javascripts/event_script.js - 200 - 4ms
[2025-03-21T13:13:58.222Z] GET /favicon.ico - 404 - 1ms
[2025-03-21T13:13:59.989Z] GET /import - 200 - 1ms
[2025-03-21T13:14:08.393Z] POST /import - 400 - 6ms
[2025-03-21T13:14:28.298Z] GET / - 304 - 527ms
[2025-03-21T13:14:28.841Z] GET /css/styles.css - 304 - 0ms
[2025-03-21T13:14:28.845Z] GET /javascripts/index_script.js - 304 - 1ms
[2025-03-21T13:14:28.848Z] GET /javascripts/event_script.js - 304 - 0ms
[2025-03-21T13:14:29.418Z] GET /export-download - 200 - 398ms
[2025-03-21T13:17:48.014Z] GET / - 200 - 569ms
[2025-03-21T13:17:48.600Z] GET /css/styles.css - 304 - 2ms
[2025-03-21T13:17:48.607Z] GET /javascripts/event_script.js - 304 - 1ms
[2025-03-21T13:17:48.605Z] GET /javascripts/index_script.js - 200 - 6ms
[2025-03-21T13:17:52.363Z] GET /export-download?format=csv - 200 - 376ms
[2025-03-21T13:18:04.577Z] GET /export-download?format=json - 200 - 353ms
[2025-03-27T01:24:33.583Z] GET / - 200 - 531ms
[2025-03-27T01:24:34.144Z] GET /css/styles.css - 304 - 4ms
[2025-03-27T01:24:34.145Z] GET /javascripts/index_script.js - 200 - 15ms
[2025-03-27T01:24:34.158Z] GET /javascripts/event_script.js - 304 - 6ms
[2025-03-27T01:24:34.249Z] GET /favicon.ico - 404 - 4ms
[2025-03-27T01:24:38.532Z] GET /import - 200 - 15ms
[2025-03-27T01:24:49.598Z] GET / - 304 - 503ms
[2025-03-27T01:24:50.131Z] GET /css/styles.css - 304 - 2ms
[2025-03-27T01:24:50.132Z] GET /javascripts/index_script.js - 304 - 2ms
[2025-03-27T01:24:50.142Z] GET /javascripts/event_script.js - 304 - 2ms
[2025-03-27T01:24:51.240Z] GET /export-download?format=json - 200 - 101ms
[2025-03-27T01:44:31.430Z] GET / - 304 - 588ms
[2025-03-27T01:44:32.050Z] GET /css/styles.css - 304 - 2ms
[2025-03-27T01:44:32.051Z] GET /javascripts/index_script.js - 304 - 3ms
[2025-03-27T01:44:32.060Z] GET /javascripts/event_script.js - 304 - 1ms
[2025-03-27T01:44:36.183Z] GET /export-download?format=csv - 200 - 361ms
[2025-03-27T01:46:25.503Z] GET / - 304 - 520ms
[2025-03-27T01:46:26.045Z] GET /css/styles.css - 304 - 2ms
[2025-03-27T01:46:26.051Z] GET /javascripts/index_script.js - 304 - 1ms
[2025-03-27T01:46:26.056Z] GET /javascripts/event_script.js - 304 - 1ms
[2025-03-27T01:46:28.521Z] GET /export-download?format=csv - 200 - 343ms
[2025-03-27T01:47:31.065Z] GET / - 304 - 542ms
[2025-03-27T01:47:31.651Z] GET /css/styles.css - 304 - 2ms
[2025-03-27T01:47:31.652Z] GET /javascripts/index_script.js - 304 - 2ms
[2025-03-27T01:47:31.660Z] GET /javascripts/event_script.js - 304 - 1ms
[2025-03-27T01:47:37.487Z] GET / - 200 - 282ms
[2025-03-27T01:47:37.807Z] GET /css/styles.css - 304 - 0ms
[2025-03-27T01:47:37.814Z] GET /javascripts/index_script.js - 304 - 1ms
[2025-03-27T01:47:37.817Z] GET /javascripts/event_script.js - 304 - 1ms
[2025-03-27T01:48:03.720Z] GET / - 200 - 233ms
[2025-03-27T01:48:03.986Z] GET /css/styles.css - 304 - 2ms
[2025-03-27T01:48:03.987Z] GET /javascripts/index_script.js - 304 - 2ms
[2025-03-27T01:48:03.993Z] GET /javascripts/event_script.js - 304 - 1ms
[2025-03-27T01:48:25.771Z] GET / - 200 - 243ms
[2025-03-27T01:48:26.044Z] GET /css/styles.css - 304 - 1ms
[2025-03-27T01:48:26.044Z] GET /javascripts/index_script.js - 304 - 2ms
[2025-03-27T01:48:26.053Z] GET /javascripts/event_script.js - 304 - 1ms
[2025-03-27T01:49:27.187Z] GET / - 200 - 245ms
[2025-03-27T01:49:27.461Z] GET /css/styles.css - 304 - 1ms
[2025-03-27T01:49:27.463Z] GET /javascripts/index_script.js - 304 - 1ms
[2025-03-27T01:49:27.467Z] GET /javascripts/event_script.js - 304 - 0ms
[2025-03-27T01:51:13.365Z] GET / - 200 - 236ms
[2025-03-27T01:51:13.650Z] GET /css/styles.css - 304 - 0ms
[2025-03-27T01:51:13.651Z] GET /javascripts/index_script.js - 304 - 1ms
[2025-03-27T01:51:13.656Z] GET /javascripts/event_script.js - 304 - 1ms
[2025-03-27T01:51:52.794Z] GET / - 304 - 290ms
[2025-03-27T01:51:53.116Z] GET /css/styles.css - 200 - 5ms
[2025-03-27T01:51:53.124Z] GET /javascripts/index_script.js - 304 - 2ms
[2025-03-27T01:51:53.127Z] GET /javascripts/event_script.js - 304 - 2ms
[2025-03-27T01:52:15.603Z] GET / - 304 - 243ms
[2025-03-27T01:52:15.873Z] GET /css/styles.css - 304 - 1ms
[2025-03-27T01:52:15.874Z] GET /javascripts/index_script.js - 304 - 1ms
[2025-03-27T01:52:15.885Z] GET /javascripts/event_script.js - 304 - 0ms
[2025-03-27T01:52:29.633Z] GET / - 304 - 214ms
[2025-03-27T01:52:29.865Z] GET /javascripts/index_script.js - 304 - 1ms
[2025-03-27T01:52:29.865Z] GET /css/styles.css - 200 - 3ms
[2025-03-27T01:52:29.875Z] GET /javascripts/event_script.js - 304 - 1ms
[2025-03-27T01:52:36.925Z] GET / - 304 - 246ms
[2025-03-27T01:52:37.192Z] GET /javascripts/index_script.js - 304 - 1ms
[2025-03-27T01:52:37.190Z] GET /css/styles.css - 200 - 3ms
[2025-03-27T01:52:37.200Z] GET /javascripts/event_script.js - 304 - 1ms
[2025-03-27T01:52:45.533Z] GET / - 304 - 231ms
[2025-03-27T01:52:45.790Z] GET /javascripts/index_script.js - 304 - 1ms
[2025-03-27T01:52:45.789Z] GET /css/styles.css - 200 - 4ms
[2025-03-27T01:52:45.798Z] GET /javascripts/event_script.js - 304 - 1ms
[2025-03-27T01:53:51.536Z] GET / - 200 - 1592ms
[2025-03-27T01:53:53.147Z] GET /css/styles.css - 304 - 1ms
[2025-03-27T01:53:53.152Z] GET /javascripts/index_script.js - 304 - 1ms
[2025-03-27T01:53:53.156Z] GET /javascripts/event_script.js - 304 - 1ms
[2025-03-27T01:54:20.000Z] GET / - 200 - 229ms
[2025-03-27T01:54:20.247Z] GET /css/styles.css - 304 - 1ms
[2025-03-27T01:54:20.248Z] GET /javascripts/index_script.js - 304 - 1ms
[2025-03-27T01:54:20.253Z] GET /javascripts/event_script.js - 304 - 0ms
[2025-03-27T01:55:07.064Z] GET / - 200 - 229ms
[2025-03-27T01:55:07.318Z] GET /javascripts/index_script.js - 304 - 3ms
[2025-03-27T01:55:07.318Z] GET /css/styles.css - 200 - 5ms
[2025-03-27T01:55:07.329Z] GET /javascripts/event_script.js - 304 - 1ms
[2025-03-27T01:55:26.247Z] GET / - 200 - 395ms
[2025-03-27T01:55:26.668Z] GET /javascripts/index_script.js - 304 - 1ms
[2025-03-27T01:55:26.668Z] GET /css/styles.css - 200 - 2ms
[2025-03-27T01:55:26.676Z] GET /javascripts/event_script.js - 304 - 1ms
[2025-03-27T01:55:37.246Z] GET /search?search=22120271&search_by=_id&search_by_major=KHOADL - 200 - 170ms
[2025-03-27T01:55:37.442Z] GET /css/styles.css - 304 - 1ms
[2025-03-27T01:55:37.444Z] GET /javascripts/index_script.js - 304 - 1ms
[2025-03-27T01:55:37.464Z] GET /javascripts/event_script.js - 304 - 1ms
[2025-03-27T01:56:06.705Z] GET /search?search=22120271&search_by=_id&search_by_major=KHOADL - 200 - 178ms
[2025-03-27T01:56:06.911Z] GET /css/styles.css - 304 - 0ms
[2025-03-27T01:56:06.918Z] GET /javascripts/index_script.js - 304 - 2ms
[2025-03-27T01:56:06.923Z] GET /javascripts/event_script.js - 304 - 1ms
[2025-03-27T01:56:59.066Z] GET / - 200 - 316ms
[2025-03-27T01:56:59.413Z] GET /css/styles.css - 304 - 2ms
[2025-03-27T01:56:59.416Z] GET /javascripts/manageDropdowns.js - 304 - 5ms
[2025-03-27T01:57:15.571Z] GET / - 200 - 220ms
[2025-03-27T01:57:15.816Z] GET /css/styles.css - 304 - 2ms
[2025-03-27T01:57:15.817Z] GET /javascripts/index_script.js - 304 - 2ms
[2025-03-27T01:57:15.830Z] GET /javascripts/event_script.js - 304 - 1ms
[2025-03-27T01:58:15.927Z] GET / - 200 - 242ms
[2025-03-27T01:58:16.202Z] GET /css/styles.css - 304 - 1ms
[2025-03-27T01:58:16.202Z] GET /javascripts/index_script.js - 304 - 2ms
[2025-03-27T01:58:16.209Z] GET /javascripts/event_script.js - 304 - 1ms
[2025-03-27T01:59:08.509Z] GET / - 304 - 614ms
[2025-03-27T01:59:09.146Z] GET /css/styles.css - 304 - 1ms
[2025-03-27T01:59:09.152Z] GET /javascripts/index_script.js - 304 - 1ms
[2025-03-27T01:59:09.156Z] GET /javascripts/event_script.js - 304 - 1ms
[2025-03-27T01:59:36.794Z] GET / - 200 - 420ms
[2025-03-27T01:59:37.232Z] GET /css/styles.css - 304 - 1ms
[2025-03-27T01:59:37.232Z] GET /javascripts/index_script.js - 304 - 3ms
[2025-03-27T01:59:37.241Z] GET /javascripts/event_script.js - 304 - 1ms
[2025-03-27T02:00:01.466Z] GET / - 200 - 532ms
[2025-03-27T02:00:02.035Z] GET /css/styles.css - 304 - 1ms
[2025-03-27T02:00:02.041Z] GET /javascripts/index_script.js - 304 - 1ms
[2025-03-27T02:00:02.044Z] GET /javascripts/event_script.js - 304 - 1ms
[2025-03-27T02:00:36.461Z] GET / - 304 - 150ms
[2025-03-27T02:00:36.635Z] GET /css/styles.css - 304 - 1ms
[2025-03-27T02:00:36.642Z] GET /javascripts/manageDropdowns.js - 304 - 2ms
[2025-03-27T02:01:11.031Z] GET / - 200 - 116ms
[2025-03-27T02:01:11.164Z] GET /css/styles.css - 304 - 1ms
[2025-03-27T02:01:11.170Z] GET /javascripts/manageDropdowns.js - 304 - 1ms
[2025-03-27T02:01:46.167Z] GET / - 200 - 123ms
[2025-03-27T02:01:46.328Z] GET /css/styles.css - 304 - 1ms
[2025-03-27T02:01:46.329Z] GET /javascripts/manageDropdowns.js - 304 - 11ms
[2025-03-27T02:01:57.400Z] GET / - 200 - 185ms
[2025-03-27T02:01:57.619Z] GET /css/styles.css - 304 - 1ms
[2025-03-27T02:01:57.619Z] GET /javascripts/manageDropdowns.js - 304 - 1ms
[2025-03-27T02:03:14.152Z] GET / - 200 - 130ms
[2025-03-27T02:03:14.318Z] GET /css/styles.css - 200 - 2ms
[2025-03-27T02:03:14.327Z] GET /javascripts/manageDropdowns.js - 304 - 0ms
[2025-03-27T02:05:08.066Z] GET / - 200 - 120ms
[2025-03-27T02:05:08.226Z] GET /css/styles.css - 304 - 2ms
[2025-03-27T02:05:08.227Z] GET /javascripts/manageDropdowns.js - 304 - 3ms
[2025-03-27T02:06:31.037Z] GET / - 200 - 118ms
[2025-03-27T02:06:31.177Z] GET /css/styles.css - 200 - 1ms
[2025-03-27T02:06:31.184Z] GET /javascripts/manageDropdowns.js - 304 - 1ms
[2025-03-27T02:06:57.342Z] GET / - 200 - 136ms
[2025-03-27T02:06:57.501Z] GET /css/styles.css - 304 - 1ms
[2025-03-27T02:06:57.501Z] GET /javascripts/manageDropdowns.js - 304 - 2ms
[2025-03-27T02:07:24.623Z] GET / - 304 - 126ms
[2025-03-27T02:07:24.790Z] GET /css/styles.css - 200 - 3ms
[2025-03-27T02:07:24.802Z] GET /javascripts/manageDropdowns.js - 304 - 1ms
[2025-03-27T02:07:25.590Z] GET / - 304 - 114ms
[2025-03-27T02:07:25.720Z] GET /css/styles.css - 304 - 1ms
[2025-03-27T02:07:25.721Z] GET /javascripts/manageDropdowns.js - 304 - 1ms
[2025-03-27T02:07:29.191Z] GET / - 200 - 115ms
[2025-03-27T02:07:29.324Z] GET /css/styles.css - 304 - 0ms
[2025-03-27T02:07:29.324Z] GET /javascripts/manageDropdowns.js - 304 - 1ms
[2025-03-27T02:08:11.929Z] GET / - 200 - 123ms
[2025-03-27T02:08:12.069Z] GET /css/styles.css - 304 - 1ms
[2025-03-27T02:08:12.070Z] GET /javascripts/manageDropdowns.js - 304 - 1ms
[2025-03-27T02:08:34.184Z] GET / - 200 - 118ms
[2025-03-27T02:08:34.344Z] GET /css/styles.css - 304 - 1ms
[2025-03-27T02:08:34.345Z] GET /javascripts/manageDropdowns.js - 304 - 1ms
[2025-03-27T02:09:11.234Z] GET / - 200 - 385ms
[2025-03-27T02:09:11.661Z] GET /javascripts/manageDropdowns.js - 304 - 1ms
[2025-03-27T02:09:11.660Z] GET /css/styles.css - 200 - 4ms
[2025-03-27T02:09:31.624Z] GET / - 304 - 115ms
[2025-03-27T02:09:31.757Z] GET /css/styles.css - 200 - 1ms
[2025-03-27T02:09:31.763Z] GET /javascripts/manageDropdowns.js - 304 - 1ms
[2025-03-27T02:09:39.353Z] GET / - 200 - 113ms
[2025-03-27T02:09:39.485Z] GET /css/styles.css - 304 - 0ms
[2025-03-27T02:09:39.491Z] GET /javascripts/manageDropdowns.js - 304 - 1ms
[2025-03-27T02:10:09.499Z] GET / - 304 - 117ms
[2025-03-27T02:10:09.639Z] GET /javascripts/manageDropdowns.js - 304 - 1ms
[2025-03-27T02:10:09.639Z] GET /css/styles.css - 200 - 2ms
[2025-03-27T02:10:32.684Z] GET / - 200 - 113ms
[2025-03-27T02:10:32.816Z] GET /javascripts/manageDropdowns.js - 304 - 1ms
[2025-03-27T02:10:32.815Z] GET /css/styles.css - 200 - 3ms
[2025-03-27T02:11:25.117Z] GET / - 200 - 125ms
[2025-03-27T02:11:25.283Z] GET /css/styles.css - 200 - 2ms
[2025-03-27T02:11:25.289Z] GET /javascripts/manageDropdowns.js - 304 - 1ms
[2025-03-27T02:11:40.133Z] GET / - 200 - 132ms
[2025-03-27T02:11:40.299Z] GET /css/styles.css - 304 - 1ms
[2025-03-27T02:11:40.308Z] GET /javascripts/manageDropdowns.js - 304 - 1ms
[2025-03-27T02:12:14.166Z] GET / - 200 - 120ms
[2025-03-27T02:12:14.319Z] GET /css/styles.css - 304 - 0ms
[2025-03-27T02:12:14.323Z] GET /javascripts/manageDropdowns.js - 304 - 1ms
[2025-03-27T02:12:21.700Z] GET / - 200 - 117ms
[2025-03-27T02:12:21.835Z] GET /css/styles.css - 304 - 1ms
[2025-03-27T02:12:21.836Z] GET /javascripts/manageDropdowns.js - 304 - 1ms
[2025-03-27T02:12:32.157Z] GET / - 200 - 121ms
[2025-03-27T02:12:32.315Z] GET /css/styles.css - 304 - 1ms
[2025-03-27T02:12:32.315Z] GET /javascripts/manageDropdowns.js - 304 - 2ms
[2025-03-27T02:12:37.341Z] GET / - 200 - 122ms
[2025-03-27T02:12:37.497Z] GET /css/styles.css - 304 - 0ms
[2025-03-27T02:12:37.502Z] GET /javascripts/manageDropdowns.js - 304 - 1ms
[2025-03-27T02:13:29.861Z] GET / - 200 - 127ms
[2025-03-27T02:13:30.027Z] GET /css/styles.css - 200 - 3ms
[2025-03-27T02:13:30.036Z] GET /javascripts/manageDropdowns.js - 304 - 1ms
[2025-03-27T02:14:05.235Z] GET / - 200 - 129ms
[2025-03-27T02:14:05.395Z] GET /css/styles.css - 304 - 1ms
[2025-03-27T02:14:05.396Z] GET /javascripts/manageDropdowns.js - 304 - 1ms
[2025-03-27T02:14:10.836Z] GET / - 200 - 115ms
[2025-03-27T02:14:10.969Z] GET /css/styles.css - 304 - 1ms
[2025-03-27T02:14:10.969Z] GET /javascripts/manageDropdowns.js - 304 - 2ms
[2025-03-27T02:14:32.180Z] GET / - 200 - 127ms
[2025-03-27T02:14:32.340Z] GET /css/styles.css - 304 - 0ms
[2025-03-27T02:14:32.347Z] GET /javascripts/manageDropdowns.js - 304 - 0ms
[2025-03-27T02:14:50.507Z] GET / - 200 - 130ms
[2025-03-27T02:14:50.654Z] GET /css/styles.css - 304 - 1ms
[2025-03-27T02:14:50.660Z] GET /javascripts/manageDropdowns.js - 304 - 0ms
[2025-03-27T02:15:28.723Z] GET / - 200 - 172ms
[2025-03-27T02:15:28.916Z] GET /css/styles.css - 304 - 1ms
[2025-03-27T02:15:28.917Z] GET /javascripts/manageDropdowns.js - 304 - 1ms
[2025-03-27T02:15:54.767Z] GET / - 200 - 123ms
[2025-03-27T02:15:54.915Z] GET /javascripts/manageDropdowns.js - 304 - 1ms
[2025-03-27T02:15:54.914Z] GET /css/styles.css - 200 - 5ms
[2025-03-27T02:16:00.136Z] GET / - 200 - 118ms
[2025-03-27T02:16:00.274Z] GET /css/styles.css - 304 - 1ms
[2025-03-27T02:16:00.274Z] GET /javascripts/manageDropdowns.js - 304 - 2ms
[2025-03-27T02:16:40.751Z] GET / - 200 - 128ms
[2025-03-27T02:16:40.921Z] GET /css/styles.css - 304 - 1ms
[2025-03-27T02:16:40.922Z] GET /javascripts/manageDropdowns.js - 304 - 1ms
[2025-03-27T02:16:41.878Z] GET / - 304 - 123ms
[2025-03-27T02:16:42.027Z] GET /css/styles.css - 304 - 1ms
[2025-03-27T02:16:42.033Z] GET /javascripts/manageDropdowns.js - 304 - 0ms
[2025-03-27T02:16:47.799Z] GET / - 304 - 128ms
[2025-03-27T02:16:47.971Z] GET /css/styles.css - 304 - 1ms
[2025-03-27T02:16:47.971Z] GET /javascripts/manageDropdowns.js - 304 - 2ms
[2025-03-27T02:17:08.735Z] GET / - 200 - 135ms
[2025-03-27T02:17:08.887Z] GET /css/styles.css - 304 - 1ms
[2025-03-27T02:17:08.889Z] GET /javascripts/manageDropdowns.js - 304 - 1ms
[2025-03-27T02:18:31.977Z] GET / - 200 - 121ms
[2025-03-27T02:18:32.125Z] GET /css/styles.css - 304 - 0ms
[2025-03-27T02:18:32.132Z] GET /javascripts/manageDropdowns.js - 304 - 1ms
[2025-03-27T02:18:45.544Z] GET / - 200 - 126ms
[2025-03-27T02:18:45.689Z] GET /css/styles.css - 304 - 1ms
[2025-03-27T02:18:45.689Z] GET /javascripts/manageDropdowns.js - 304 - 2ms
[2025-03-27T02:19:14.112Z] GET / - 200 - 126ms
[2025-03-27T02:19:14.284Z] GET /css/styles.css - 304 - 1ms
[2025-03-27T02:19:14.284Z] GET /javascripts/manageDropdowns.js - 304 - 2ms
[2025-03-27T02:20:25.722Z] GET / - 200 - 117ms
[2025-03-27T02:20:25.855Z] GET /javascripts/manageDropdowns.js - 304 - 1ms
[2025-03-27T02:20:25.855Z] GET /css/styles.css - 200 - 2ms
[2025-03-27T02:20:38.729Z] GET / - 200 - 127ms
[2025-03-27T02:20:38.895Z] GET /css/styles.css - 304 - 0ms
[2025-03-27T02:20:38.904Z] GET /javascripts/manageDropdowns.js - 304 - 1ms
[2025-03-27T02:21:16.137Z] GET / - 200 - 119ms
[2025-03-27T02:21:16.295Z] GET /css/styles.css - 200 - 5ms
[2025-03-27T02:21:16.299Z] GET /javascripts/manageDropdowns.js - 304 - 2ms
[2025-03-27T02:21:47.378Z] GET / - 200 - 122ms
[2025-03-27T02:21:47.519Z] GET /javascripts/manageDropdowns.js - 304 - 0ms
[2025-03-27T02:21:47.518Z] GET /css/styles.css - 200 - 2ms
[2025-03-27T02:21:57.298Z] GET / - 304 - 128ms
[2025-03-27T02:21:57.459Z] GET /javascripts/manageDropdowns.js - 304 - 1ms
[2025-03-27T02:21:57.459Z] GET /css/styles.css - 200 - 4ms
[2025-03-27T02:22:02.554Z] GET / - 304 - 129ms
[2025-03-27T02:22:02.705Z] GET /css/styles.css - 200 - 2ms
[2025-03-27T02:22:02.706Z] GET /javascripts/manageDropdowns.js - 304 - 2ms
[2025-03-27T02:22:14.050Z] GET / - 304 - 121ms
[2025-03-27T02:22:14.209Z] GET /javascripts/manageDropdowns.js - 304 - 2ms
[2025-03-27T02:22:14.209Z] GET /css/styles.css - 200 - 4ms
[2025-03-27T02:22:25.218Z] GET / - 304 - 117ms
[2025-03-27T02:22:25.377Z] GET /javascripts/manageDropdowns.js - 304 - 1ms
[2025-03-27T02:22:25.376Z] GET /css/styles.css - 200 - 5ms
[2025-03-27T02:22:25.809Z] GET / - 304 - 166ms
[2025-03-27T02:22:26.002Z] GET /css/styles.css - 304 - 1ms
[2025-03-27T02:22:26.003Z] GET /javascripts/manageDropdowns.js - 304 - 2ms
[2025-03-27T02:22:34.298Z] GET / - 304 - 117ms
[2025-03-27T02:22:34.433Z] GET /css/styles.css - 200 - 2ms
[2025-03-27T02:22:34.439Z] GET /javascripts/manageDropdowns.js - 304 - 1ms
[2025-03-27T02:22:58.090Z] GET / - 304 - 125ms
[2025-03-27T02:22:58.235Z] GET /javascripts/manageDropdowns.js - 304 - 0ms
[2025-03-27T02:22:58.234Z] GET /css/styles.css - 200 - 3ms
[2025-03-27T02:23:22.033Z] GET / - 200 - 164ms
[2025-03-27T02:23:22.238Z] GET /javascripts/manageDropdowns.js - 304 - 1ms
[2025-03-27T02:23:22.237Z] GET /css/styles.css - 200 - 4ms
[2025-03-27T02:23:37.073Z] GET / - 200 - 118ms
[2025-03-27T02:23:37.221Z] GET /css/styles.css - 304 - 0ms
[2025-03-27T02:23:37.221Z] GET /javascripts/manageDropdowns.js - 304 - 1ms
[2025-03-27T02:23:52.362Z] GET / - 304 - 125ms
[2025-03-27T02:23:52.528Z] GET /javascripts/manageDropdowns.js - 304 - 0ms
[2025-03-27T02:23:52.527Z] GET /css/styles.css - 200 - 3ms
[2025-03-27T02:23:58.414Z] GET / - 304 - 124ms
[2025-03-27T02:23:58.574Z] GET /javascripts/manageDropdowns.js - 304 - 1ms
[2025-03-27T02:23:58.573Z] GET /css/styles.css - 200 - 8ms
[2025-03-27T02:24:09.835Z] GET / - 304 - 119ms
[2025-03-27T02:24:09.973Z] GET /javascripts/manageDropdowns.js - 304 - 1ms
[2025-03-27T02:24:09.973Z] GET /css/styles.css - 200 - 2ms
[2025-03-27T02:24:16.563Z] GET / - 304 - 123ms
[2025-03-27T02:24:16.706Z] GET /css/styles.css - 200 - 2ms
[2025-03-27T02:24:16.713Z] GET /javascripts/manageDropdowns.js - 304 - 1ms
[2025-03-27T02:24:51.771Z] GET / - 304 - 133ms
[2025-03-27T02:24:51.946Z] GET /javascripts/manageDropdowns.js - 304 - 1ms
[2025-03-27T02:24:51.945Z] GET /css/styles.css - 200 - 4ms
[2025-03-27T02:25:11.523Z] GET / - 200 - 140ms
[2025-03-27T02:25:11.697Z] GET /css/styles.css - 304 - 1ms
[2025-03-27T02:25:11.700Z] GET /javascripts/manageDropdowns.js - 304 - 1ms
[2025-03-27T02:25:21.796Z] GET / - 200 - 135ms
[2025-03-27T02:25:21.950Z] GET /css/styles.css - 304 - 1ms
[2025-03-27T02:25:21.950Z] GET /javascripts/manageDropdowns.js - 304 - 2ms
[2025-03-27T02:25:22.219Z] GET / - 304 - 142ms
[2025-03-27T02:25:22.378Z] GET /css/styles.css - 304 - 0ms
[2025-03-27T02:25:22.378Z] GET /javascripts/manageDropdowns.js - 304 - 1ms
[2025-03-27T02:25:37.628Z] GET / - 200 - 134ms
[2025-03-27T02:25:37.789Z] GET /css/styles.css - 304 - 1ms
[2025-03-27T02:25:37.795Z] GET /javascripts/manageDropdowns.js - 304 - 1ms
[2025-03-27T02:25:43.820Z] GET / - 200 - 136ms
[2025-03-27T02:25:43.991Z] GET /css/styles.css - 304 - 1ms
[2025-03-27T02:25:43.999Z] GET /javascripts/manageDropdowns.js - 304 - 1ms
[2025-03-27T02:26:02.309Z] GET / - 304 - 277ms
[2025-03-27T02:26:02.616Z] GET /css/styles.css - 304 - 1ms
[2025-03-27T02:26:02.619Z] GET /javascripts/index_script.js - 304 - 2ms
[2025-03-27T02:26:02.634Z] GET /javascripts/event_script.js - 304 - 1ms
[2025-03-27T02:26:05.494Z] GET /import - 304 - 2ms
[2025-03-27T02:27:01.127Z] GET /import - 200 - 2ms
[2025-03-27T02:27:32.244Z] GET /import - 200 - 2ms
[2025-03-27T02:27:33.132Z] GET /import - 304 - 2ms
[2025-03-27T02:27:39.037Z] GET /import - 200 - 1ms
[2025-03-27T02:27:54.796Z] GET /import - 200 - 3ms
[2025-03-27T02:28:17.797Z] GET /import - 200 - 2ms
[2025-03-27T02:28:19.300Z] GET /import - 304 - 2ms
[2025-03-27T02:28:20.700Z] GET /import - 304 - 2ms
[2025-03-27T02:28:36.820Z] GET /import - 200 - 2ms
[2025-03-27T02:28:58.013Z] GET /import - 200 - 2ms
[2025-03-27T02:28:58.039Z] GET /javascripts/manageDropdowns.js - 304 - 1ms
[2025-03-27T02:29:04.733Z] GET /import - 304 - 2ms
[2025-03-27T02:29:04.758Z] GET /javascripts/manageDropdowns.js - 304 - 1ms
[2025-03-27T02:29:27.334Z] GET /import - 200 - 2ms
[2025-03-27T02:29:27.365Z] GET /javascripts/manageDropdowns.js - 304 - 1ms
[2025-03-27T02:30:06.349Z] GET /import - 200 - 3ms
[2025-03-27T02:30:06.375Z] GET /javascripts/manageDropdowns.js - 304 - 1ms
[2025-03-27T02:30:49.367Z] GET /import - 200 - 2ms
[2025-03-27T02:30:49.388Z] GET /javascripts/manageDropdowns.js - 304 - 1ms
[2025-03-27T02:30:53.862Z] GET /import - 200 - 3ms
[2025-03-27T02:30:53.886Z] GET /javascripts/manageDropdowns.js - 304 - 1ms
[2025-03-27T02:31:05.795Z] GET /import - 200 - 2ms
[2025-03-27T02:31:05.819Z] GET /javascripts/manageDropdowns.js - 304 - 1ms
[2025-03-27T02:31:16.357Z] GET /import - 200 - 2ms
[2025-03-27T02:31:16.396Z] GET /javascripts/manageDropdowns.js - 304 - 1ms
[2025-03-27T02:31:17.164Z] GET /import - 304 - 1ms
[2025-03-27T02:31:17.186Z] GET /javascripts/manageDropdowns.js - 304 - 1ms
[2025-03-27T02:31:21.723Z] GET /import - 200 - 2ms
[2025-03-27T02:31:21.746Z] GET /javascripts/manageDropdowns.js - 304 - 1ms
[2025-03-27T02:32:06.593Z] GET /import - 200 - 2ms
[2025-03-27T02:32:06.623Z] GET /javascripts/manageDropdowns.js - 304 - 1ms
[2025-03-27T02:32:08.446Z] GET / - 304 - 251ms
[2025-03-27T02:32:08.731Z] GET /javascripts/index_script.js - 304 - 1ms
[2025-03-27T02:32:08.730Z] GET /css/styles.css - 200 - 3ms
[2025-03-27T02:32:08.743Z] GET /javascripts/event_script.js - 304 - 1ms
[2025-03-27T02:32:18.526Z] GET /import - 200 - 2ms
[2025-03-27T02:32:18.557Z] GET /javascripts/manageDropdowns.js - 304 - 1ms
[2025-03-27T02:32:35.456Z] GET /import - 200 - 2ms
[2025-03-27T02:32:35.481Z] GET /css/styles.css - 304 - 0ms
[2025-03-27T02:32:42.383Z] GET /import - 200 - 2ms
[2025-03-27T02:32:42.412Z] GET /css/styles.css - 304 - 1ms
[2025-03-27T02:32:51.615Z] GET /import - 200 - 3ms
[2025-03-27T02:32:51.638Z] GET /css/styles.css - 304 - 1ms
[2025-03-27T02:33:17.061Z] GET /import - 200 - 2ms
[2025-03-27T02:33:17.091Z] GET /css/styles.css - 200 - 1ms
[2025-03-27T02:33:31.326Z] GET /import - 200 - 2ms
[2025-03-27T02:33:31.356Z] GET /css/styles.css - 304 - 1ms
[2025-03-27T02:34:00.920Z] GET /import - 304 - 2ms
[2025-03-27T02:34:00.944Z] GET /css/styles.css - 200 - 2ms
[2025-03-27T02:34:29.537Z] GET /import - 200 - 2ms
[2025-03-27T02:34:29.566Z] GET /css/styles.css - 304 - 2ms
[2025-03-27T02:34:41.600Z] GET /import - 200 - 1ms
[2025-03-27T02:34:41.625Z] GET /css/styles.css - 304 - 0ms
[2025-03-27T02:34:55.729Z] GET /import - 200 - 2ms
[2025-03-27T02:34:55.755Z] GET /css/styles.css - 304 - 1ms
[2025-03-27T02:35:02.279Z] GET /import - 200 - 2ms
[2025-03-27T02:35:02.303Z] GET /css/styles.css - 304 - 1ms
[2025-03-27T02:35:23.017Z] GET /import - 200 - 8ms
[2025-03-27T02:35:23.049Z] GET /css/styles.css - 304 - 1ms
[2025-03-27T02:35:29.135Z] GET /import - 200 - 2ms
[2025-03-27T02:35:29.165Z] GET /css/styles.css - 304 - 1ms
[2025-03-27T02:36:04.726Z] GET /import - 200 - 2ms
[2025-03-27T02:36:04.755Z] GET /css/styles.css - 304 - 1ms
[2025-03-27T02:36:19.911Z] GET /import - 200 - 1ms
[2025-03-27T02:36:19.934Z] GET /css/styles.css - 304 - 1ms
[2025-03-27T02:36:54.504Z] GET /import - 200 - 2ms
[2025-03-27T02:36:54.528Z] GET /css/styles.css - 304 - 1ms
[2025-03-27T02:37:12.147Z] GET /import - 200 - 1ms
[2025-03-27T02:37:12.170Z] GET /css/styles.css - 304 - 1ms
[2025-03-27T02:37:24.963Z] GET /import - 304 - 3ms
[2025-03-27T02:37:24.991Z] GET /css/styles.css - 200 - 2ms
[2025-03-27T02:37:28.651Z] GET /import - 200 - 2ms
[2025-03-27T02:37:28.676Z] GET /css/styles.css - 304 - 0ms
[2025-03-27T02:37:51.364Z] GET /import - 200 - 3ms
[2025-03-27T02:37:51.387Z] GET /css/styles.css - 200 - 1ms
[2025-03-27T02:38:10.917Z] GET /import - 200 - 2ms
[2025-03-27T02:38:10.944Z] GET /css/styles.css - 304 - 1ms
[2025-03-27T02:39:07.397Z] GET /import - 200 - 2ms
[2025-03-27T02:39:07.425Z] GET /css/styles.css - 304 - 1ms
[2025-03-27T02:39:35.883Z] GET /import - 200 - 3ms
[2025-03-27T02:39:35.908Z] GET /css/styles.css - 304 - 0ms
[2025-03-27T02:39:36.730Z] GET /import - 304 - 2ms
[2025-03-27T02:39:36.752Z] GET /css/styles.css - 304 - 1ms
[2025-03-27T02:40:07.248Z] GET /import - 200 - 2ms
[2025-03-27T02:40:07.272Z] GET /css/styles.css - 304 - 0ms
[2025-03-27T02:40:08.088Z] GET /import - 304 - 2ms
[2025-03-27T02:40:08.116Z] GET /css/styles.css - 304 - 0ms
[2025-03-27T02:40:27.201Z] GET /import - 200 - 2ms
[2025-03-27T02:40:27.233Z] GET /css/styles.css - 304 - 1ms
[2025-03-27T02:41:00.397Z] POST /import - 400 - 7ms
[2025-03-27T02:41:39.885Z] GET /import - 200 - 2ms
[2025-03-27T02:41:39.912Z] GET /css/styles.css - 304 - 0ms
[2025-03-27T02:41:45.875Z] POST /import - 400 - 211ms
[2025-03-27T02:42:20.729Z] POST /import - 400 - 199ms
[2025-03-27T02:42:35.701Z] GET / - 304 - 264ms
[2025-03-27T02:42:35.998Z] GET /css/styles.css - 304 - 1ms
[2025-03-27T02:42:35.999Z] GET /javascripts/index_script.js - 304 - 2ms
[2025-03-27T02:42:36.010Z] GET /javascripts/event_script.js - 304 - 1ms
[2025-03-27T02:42:38.076Z] GET / - 304 - 133ms
[2025-03-27T02:42:38.246Z] GET /css/styles.css - 304 - 0ms
[2025-03-27T02:42:38.253Z] GET /javascripts/manageDropdowns.js - 304 - 2ms
[2025-03-27T02:42:39.948Z] GET / - 304 - 254ms
[2025-03-27T02:42:40.236Z] GET /css/styles.css - 304 - 1ms
[2025-03-27T02:42:40.243Z] GET /javascripts/index_script.js - 304 - 0ms
[2025-03-27T02:42:40.250Z] GET /javascripts/event_script.js - 304 - 1ms
